<?xml version="1.0" encoding="UTF-8"?>
<!-- Generated by org.testng.reporters.JUnitReportReporter -->
<testsuite hostname="USERs-MacBook-Pro.local" failures="0" tests="2" name="com.qa.tests.GetAPITest" time="0.597" errors="0" timestamp="2022-11-19T20:48:38 EST" skipped="0">
  <testcase classname="com.qa.tests.GetAPITest" name="getAPITestWithoutHeaders" time="0.458"/>
  <system-out/>
  <testcase classname="com.qa.tests.GetAPITest" name="getAPITestWithHeaders" time="0.139"/>
  <system-out/>
</testsuite> <!-- com.qa.tests.GetAPITest -->
